<?xml version="1.0" encoding="UTF-8"?>
<testsuite name="challenge.ProblemTests" tests="6" skipped="0" failures="0" errors="0" timestamp="2021-08-25T21:02:34" hostname="ORNHEIM" time="0.036">
  <properties/>
  <testcase name="valid Number" classname="challenge.ProblemTests" time="0.028"/>
  <testcase name="2 even digits" classname="challenge.ProblemTests" time="0.001"/>
  <testcase name="valid odd and even digit" classname="challenge.ProblemTests" time="0.001"/>
  <testcase name="largeNumber" classname="challenge.ProblemTests" time="0.002"/>
  <testcase name="official test case" classname="challenge.ProblemTests" time="0.001"/>
  <testcase name="smallNumber" classname="challenge.ProblemTests" time="0.001"/>
  <system-out><![CDATA[10000000000009 returned true
100000000000108 returned true
100000000000017 returned true
Numbers over 19 digits return false
Official test returned true
Numbers under 14 digits return false
]]></system-out>
  <system-err><![CDATA[]]></system-err>
</testsuite>
